<?xml version="1.0" encoding="UTF-8"?>
<testsuite xmlns:xsi="http://www.w3.org/2001/XMLSchema-instance" xsi:noNamespaceSchemaLocation="https://maven.apache.org/surefire/maven-surefire-plugin/xsd/surefire-test-report.xsd" name="edu.hanoi.message.hanoiintegration.HanoiIntegrationApplicationTests" time="15.332" tests="1" errors="0" skipped="0" failures="0">
  <properties>
    <property name="sun.desktop" value="windows"/>
    <property name="awt.toolkit" value="sun.awt.windows.WToolkit"/>
    <property name="file.encoding.pkg" value="sun.io"/>
    <property name="java.specification.version" value="1.8"/>
    <property name="sun.cpu.isalist" value="amd64"/>
    <property name="sun.jnu.encoding" value="Cp1258"/>
    <property name="java.class.path" value="F:\GIT_LEUDUCANH\StudyPath\hanoi-integration\target\test-classes;F:\GIT_LEUDUCANH\StudyPath\hanoi-integration\target\classes;C:\Java\Dependencies\Repo\org\springframework\boot\spring-boot-starter-data-rest\2.0.1.BUILD-SNAPSHOT\spring-boot-starter-data-rest-2.0.1.BUILD-SNAPSHOT.jar;C:\Java\Dependencies\Repo\org\springframework\boot\spring-boot-starter-json\2.0.1.BUILD-SNAPSHOT\spring-boot-starter-json-2.0.1.BUILD-SNAPSHOT.jar;C:\Java\Dependencies\Repo\org\springframework\spring-web\5.0.5.BUILD-SNAPSHOT\spring-web-5.0.5.BUILD-SNAPSHOT.jar;C:\Java\Dependencies\Repo\com\fasterxml\jackson\core\jackson-databind\2.9.4\jackson-databind-2.9.4.jar;C:\Java\Dependencies\Repo\com\fasterxml\jackson\core\jackson-core\2.9.4\jackson-core-2.9.4.jar;C:\Java\Dependencies\Repo\com\fasterxml\jackson\datatype\jackson-datatype-jdk8\2.9.4\jackson-datatype-jdk8-2.9.4.jar;C:\Java\Dependencies\Repo\com\fasterxml\jackson\datatype\jackson-datatype-jsr310\2.9.4\jackson-datatype-jsr310-2.9.4.jar;C:\Java\Dependencies\Repo\com\fasterxml\jackson\module\jackson-module-parameter-names\2.9.4\jackson-module-parameter-names-2.9.4.jar;C:\Java\Dependencies\Repo\org\springframework\boot\spring-boot-starter-web\2.0.1.BUILD-SNAPSHOT\spring-boot-starter-web-2.0.1.BUILD-SNAPSHOT.jar;C:\Java\Dependencies\Repo\org\springframework\boot\spring-boot-starter-tomcat\2.0.1.BUILD-SNAPSHOT\spring-boot-starter-tomcat-2.0.1.BUILD-SNAPSHOT.jar;C:\Java\Dependencies\Repo\org\apache\tomcat\embed\tomcat-embed-core\8.5.28\tomcat-embed-core-8.5.28.jar;C:\Java\Dependencies\Repo\org\apache\tomcat\embed\tomcat-embed-el\8.5.28\tomcat-embed-el-8.5.28.jar;C:\Java\Dependencies\Repo\org\apache\tomcat\embed\tomcat-embed-websocket\8.5.28\tomcat-embed-websocket-8.5.28.jar;C:\Java\Dependencies\Repo\org\springframework\spring-webmvc\5.0.5.BUILD-SNAPSHOT\spring-webmvc-5.0.5.BUILD-SNAPSHOT.jar;C:\Java\Dependencies\Repo\org\springframework\spring-expression\5.0.5.BUILD-SNAPSHOT\spring-expression-5.0.5.BUILD-SNAPSHOT.jar;C:\Java\Dependencies\Repo\org\springframework\data\spring-data-rest-webmvc\3.0.5.RELEASE\spring-data-rest-webmvc-3.0.5.RELEASE.jar;C:\Java\Dependencies\Repo\org\springframework\data\spring-data-rest-core\3.0.5.RELEASE\spring-data-rest-core-3.0.5.RELEASE.jar;C:\Java\Dependencies\Repo\org\springframework\hateoas\spring-hateoas\0.24.0.RELEASE\spring-hateoas-0.24.0.RELEASE.jar;C:\Java\Dependencies\Repo\org\springframework\data\spring-data-commons\2.0.5.RELEASE\spring-data-commons-2.0.5.RELEASE.jar;C:\Java\Dependencies\Repo\org\springframework\plugin\spring-plugin-core\1.2.0.RELEASE\spring-plugin-core-1.2.0.RELEASE.jar;C:\Java\Dependencies\Repo\org\atteo\evo-inflector\1.2.2\evo-inflector-1.2.2.jar;C:\Java\Dependencies\Repo\com\fasterxml\jackson\core\jackson-annotations\2.9.0\jackson-annotations-2.9.0.jar;C:\Java\Dependencies\Repo\org\slf4j\slf4j-api\1.7.25\slf4j-api-1.7.25.jar;C:\Java\Dependencies\Repo\org\springframework\boot\spring-boot-starter-integration\2.0.1.BUILD-SNAPSHOT\spring-boot-starter-integration-2.0.1.BUILD-SNAPSHOT.jar;C:\Java\Dependencies\Repo\org\springframework\boot\spring-boot-starter-aop\2.0.1.BUILD-SNAPSHOT\spring-boot-starter-aop-2.0.1.BUILD-SNAPSHOT.jar;C:\Java\Dependencies\Repo\org\springframework\spring-aop\5.0.5.BUILD-SNAPSHOT\spring-aop-5.0.5.BUILD-SNAPSHOT.jar;C:\Java\Dependencies\Repo\org\aspectj\aspectjweaver\1.8.13\aspectjweaver-1.8.13.jar;C:\Java\Dependencies\Repo\org\springframework\integration\spring-integration-core\5.0.3.RELEASE\spring-integration-core-5.0.3.RELEASE.jar;C:\Java\Dependencies\Repo\org\springframework\spring-context\5.0.5.BUILD-SNAPSHOT\spring-context-5.0.5.BUILD-SNAPSHOT.jar;C:\Java\Dependencies\Repo\org\springframework\spring-messaging\5.0.5.BUILD-SNAPSHOT\spring-messaging-5.0.5.BUILD-SNAPSHOT.jar;C:\Java\Dependencies\Repo\org\springframework\retry\spring-retry\1.2.2.RELEASE\spring-retry-1.2.2.RELEASE.jar;C:\Java\Dependencies\Repo\io\projectreactor\reactor-core\3.1.5.RELEASE\reactor-core-3.1.5.RELEASE.jar;C:\Java\Dependencies\Repo\org\reactivestreams\reactive-streams\1.0.2\reactive-streams-1.0.2.jar;C:\Java\Dependencies\Repo\io\micrometer\micrometer-core\1.0.1\micrometer-core-1.0.1.jar;C:\Java\Dependencies\Repo\org\hdrhistogram\HdrHistogram\2.1.10\HdrHistogram-2.1.10.jar;C:\Java\Dependencies\Repo\org\latencyutils\LatencyUtils\2.0.3\LatencyUtils-2.0.3.jar;C:\Java\Dependencies\Repo\org\springframework\boot\spring-boot-starter-test\2.0.1.BUILD-SNAPSHOT\spring-boot-starter-test-2.0.1.BUILD-SNAPSHOT.jar;C:\Java\Dependencies\Repo\org\springframework\boot\spring-boot-test\2.0.1.BUILD-SNAPSHOT\spring-boot-test-2.0.1.BUILD-SNAPSHOT.jar;C:\Java\Dependencies\Repo\org\springframework\boot\spring-boot-test-autoconfigure\2.0.1.BUILD-SNAPSHOT\spring-boot-test-autoconfigure-2.0.1.BUILD-SNAPSHOT.jar;C:\Java\Dependencies\Repo\com\jayway\jsonpath\json-path\2.4.0\json-path-2.4.0.jar;C:\Java\Dependencies\Repo\net\minidev\json-smart\2.3\json-smart-2.3.jar;C:\Java\Dependencies\Repo\net\minidev\accessors-smart\1.2\accessors-smart-1.2.jar;C:\Java\Dependencies\Repo\org\ow2\asm\asm\5.0.4\asm-5.0.4.jar;C:\Java\Dependencies\Repo\junit\junit\4.12\junit-4.12.jar;C:\Java\Dependencies\Repo\org\assertj\assertj-core\3.9.1\assertj-core-3.9.1.jar;C:\Java\Dependencies\Repo\org\mockito\mockito-core\2.15.0\mockito-core-2.15.0.jar;C:\Java\Dependencies\Repo\net\bytebuddy\byte-buddy\1.7.10\byte-buddy-1.7.10.jar;C:\Java\Dependencies\Repo\net\bytebuddy\byte-buddy-agent\1.7.10\byte-buddy-agent-1.7.10.jar;C:\Java\Dependencies\Repo\org\objenesis\objenesis\2.6\objenesis-2.6.jar;C:\Java\Dependencies\Repo\org\hamcrest\hamcrest-core\1.3\hamcrest-core-1.3.jar;C:\Java\Dependencies\Repo\org\hamcrest\hamcrest-library\1.3\hamcrest-library-1.3.jar;C:\Java\Dependencies\Repo\org\skyscreamer\jsonassert\1.5.0\jsonassert-1.5.0.jar;C:\Java\Dependencies\Repo\com\vaadin\external\google\android-json\0.0.20131108.vaadin1\android-json-0.0.20131108.vaadin1.jar;C:\Java\Dependencies\Repo\org\springframework\spring-core\5.0.5.BUILD-SNAPSHOT\spring-core-5.0.5.BUILD-SNAPSHOT.jar;C:\Java\Dependencies\Repo\org\springframework\spring-jcl\5.0.5.BUILD-SNAPSHOT\spring-jcl-5.0.5.BUILD-SNAPSHOT.jar;C:\Java\Dependencies\Repo\org\springframework\spring-test\5.0.5.BUILD-SNAPSHOT\spring-test-5.0.5.BUILD-SNAPSHOT.jar;C:\Java\Dependencies\Repo\org\xmlunit\xmlunit-core\2.5.1\xmlunit-core-2.5.1.jar;C:\Java\Dependencies\Repo\org\apache\httpcomponents\httpcore\4.4.9\httpcore-4.4.9.jar;C:\Java\Dependencies\Repo\org\apache\httpcomponents\httpmime\4.5.5\httpmime-4.5.5.jar;C:\Java\Dependencies\Repo\mysql\mysql-connector-java\8.0.9-rc\mysql-connector-java-8.0.9-rc.jar;C:\Java\Dependencies\Repo\org\springframework\spring-jdbc\5.0.4.RELEASE\spring-jdbc-5.0.4.RELEASE.jar;C:\Java\Dependencies\Repo\org\springframework\spring-beans\5.0.5.BUILD-SNAPSHOT\spring-beans-5.0.5.BUILD-SNAPSHOT.jar;C:\Java\Dependencies\Repo\org\springframework\spring-tx\5.0.5.BUILD-SNAPSHOT\spring-tx-5.0.5.BUILD-SNAPSHOT.jar;C:\Java\Dependencies\Repo\org\apache\httpcomponents\httpclient\4.5.5\httpclient-4.5.5.jar;C:\Java\Dependencies\Repo\commons-codec\commons-codec\1.11\commons-codec-1.11.jar;C:\Java\Dependencies\Repo\org\springframework\spring-orm\5.0.5.BUILD-SNAPSHOT\spring-orm-5.0.5.BUILD-SNAPSHOT.jar;C:\Java\Dependencies\Repo\org\hibernate\hibernate-core\5.2.13.Final\hibernate-core-5.2.13.Final.jar;C:\Java\Dependencies\Repo\org\jboss\logging\jboss-logging\3.3.2.Final\jboss-logging-3.3.2.Final.jar;C:\Java\Dependencies\Repo\org\hibernate\javax\persistence\hibernate-jpa-2.1-api\1.0.0.Final\hibernate-jpa-2.1-api-1.0.0.Final.jar;C:\Java\Dependencies\Repo\org\javassist\javassist\3.22.0-GA\javassist-3.22.0-GA.jar;C:\Java\Dependencies\Repo\antlr\antlr\2.7.7\antlr-2.7.7.jar;C:\Java\Dependencies\Repo\org\jboss\spec\javax\transaction\jboss-transaction-api_1.2_spec\1.0.1.Final\jboss-transaction-api_1.2_spec-1.0.1.Final.jar;C:\Java\Dependencies\Repo\org\jboss\jandex\2.0.3.Final\jandex-2.0.3.Final.jar;C:\Java\Dependencies\Repo\com\fasterxml\classmate\1.3.4\classmate-1.3.4.jar;C:\Java\Dependencies\Repo\dom4j\dom4j\1.6.1\dom4j-1.6.1.jar;C:\Java\Dependencies\Repo\org\hibernate\common\hibernate-commons-annotations\5.0.1.Final\hibernate-commons-annotations-5.0.1.Final.jar;C:\Java\Dependencies\Repo\org\hibernate\validator\hibernate-validator\6.0.7.Final\hibernate-validator-6.0.7.Final.jar;C:\Java\Dependencies\Repo\javax\validation\validation-api\2.0.1.Final\validation-api-2.0.1.Final.jar;C:\Java\Dependencies\Repo\org\springframework\integration\spring-integration-stream\5.0.3.RELEASE\spring-integration-stream-5.0.3.RELEASE.jar;C:\Java\Dependencies\Repo\org\springframework\integration\spring-integration-jdbc\5.0.3.RELEASE\spring-integration-jdbc-5.0.3.RELEASE.jar;C:\Java\Dependencies\Repo\org\springframework\boot\spring-boot-starter\2.0.1.BUILD-SNAPSHOT\spring-boot-starter-2.0.1.BUILD-SNAPSHOT.jar;C:\Java\Dependencies\Repo\org\springframework\boot\spring-boot\2.0.1.BUILD-SNAPSHOT\spring-boot-2.0.1.BUILD-SNAPSHOT.jar;C:\Java\Dependencies\Repo\org\springframework\boot\spring-boot-autoconfigure\2.0.1.BUILD-SNAPSHOT\spring-boot-autoconfigure-2.0.1.BUILD-SNAPSHOT.jar;C:\Java\Dependencies\Repo\javax\annotation\javax.annotation-api\1.3.2\javax.annotation-api-1.3.2.jar;C:\Java\Dependencies\Repo\org\yaml\snakeyaml\1.19\snakeyaml-1.19.jar;C:\Java\Dependencies\Repo\org\springframework\boot\spring-boot-starter-log4j\1.3.8.RELEASE\spring-boot-starter-log4j-1.3.8.RELEASE.jar;C:\Java\Dependencies\Repo\org\slf4j\jcl-over-slf4j\1.7.25\jcl-over-slf4j-1.7.25.jar;C:\Java\Dependencies\Repo\org\slf4j\jul-to-slf4j\1.7.25\jul-to-slf4j-1.7.25.jar;C:\Java\Dependencies\Repo\org\slf4j\slf4j-log4j12\1.7.25\slf4j-log4j12-1.7.25.jar;C:\Java\Dependencies\Repo\log4j\log4j\1.2.17\log4j-1.2.17.jar;"/>
    <property name="java.vm.vendor" value="Oracle Corporation"/>
    <property name="sun.arch.data.model" value="64"/>
    <property name="user.variant" value=""/>
    <property name="java.vendor.url" value="http://java.oracle.com/"/>
    <property name="user.timezone" value=""/>
    <property name="user.country.format" value="VN"/>
    <property name="java.vm.specification.version" value="1.8"/>
    <property name="os.name" value="Windows 10"/>
    <property name="user.country" value="US"/>
    <property name="sun.java.launcher" value="SUN_STANDARD"/>
    <property name="sun.boot.library.path" value="C:\Program Files\Java\jdk1.8.0_131\jre\bin"/>
    <property name="sun.java.command" value="C:\Users\MyPC\AppData\Local\Temp\surefire609138343150876954\surefirebooter6899539940993848759.jar C:\Users\MyPC\AppData\Local\Temp\surefire609138343150876954 2018-03-07T11-10-17_665-jvmRun1 surefire5040855388871170482tmp surefire_07511223918857018913tmp"/>
    <property name="surefire.test.class.path" value="F:\GIT_LEUDUCANH\StudyPath\hanoi-integration\target\test-classes;F:\GIT_LEUDUCANH\StudyPath\hanoi-integration\target\classes;C:\Java\Dependencies\Repo\org\springframework\boot\spring-boot-starter-data-rest\2.0.1.BUILD-SNAPSHOT\spring-boot-starter-data-rest-2.0.1.BUILD-SNAPSHOT.jar;C:\Java\Dependencies\Repo\org\springframework\boot\spring-boot-starter-json\2.0.1.BUILD-SNAPSHOT\spring-boot-starter-json-2.0.1.BUILD-SNAPSHOT.jar;C:\Java\Dependencies\Repo\org\springframework\spring-web\5.0.5.BUILD-SNAPSHOT\spring-web-5.0.5.BUILD-SNAPSHOT.jar;C:\Java\Dependencies\Repo\com\fasterxml\jackson\core\jackson-databind\2.9.4\jackson-databind-2.9.4.jar;C:\Java\Dependencies\Repo\com\fasterxml\jackson\core\jackson-core\2.9.4\jackson-core-2.9.4.jar;C:\Java\Dependencies\Repo\com\fasterxml\jackson\datatype\jackson-datatype-jdk8\2.9.4\jackson-datatype-jdk8-2.9.4.jar;C:\Java\Dependencies\Repo\com\fasterxml\jackson\datatype\jackson-datatype-jsr310\2.9.4\jackson-datatype-jsr310-2.9.4.jar;C:\Java\Dependencies\Repo\com\fasterxml\jackson\module\jackson-module-parameter-names\2.9.4\jackson-module-parameter-names-2.9.4.jar;C:\Java\Dependencies\Repo\org\springframework\boot\spring-boot-starter-web\2.0.1.BUILD-SNAPSHOT\spring-boot-starter-web-2.0.1.BUILD-SNAPSHOT.jar;C:\Java\Dependencies\Repo\org\springframework\boot\spring-boot-starter-tomcat\2.0.1.BUILD-SNAPSHOT\spring-boot-starter-tomcat-2.0.1.BUILD-SNAPSHOT.jar;C:\Java\Dependencies\Repo\org\apache\tomcat\embed\tomcat-embed-core\8.5.28\tomcat-embed-core-8.5.28.jar;C:\Java\Dependencies\Repo\org\apache\tomcat\embed\tomcat-embed-el\8.5.28\tomcat-embed-el-8.5.28.jar;C:\Java\Dependencies\Repo\org\apache\tomcat\embed\tomcat-embed-websocket\8.5.28\tomcat-embed-websocket-8.5.28.jar;C:\Java\Dependencies\Repo\org\springframework\spring-webmvc\5.0.5.BUILD-SNAPSHOT\spring-webmvc-5.0.5.BUILD-SNAPSHOT.jar;C:\Java\Dependencies\Repo\org\springframework\spring-expression\5.0.5.BUILD-SNAPSHOT\spring-expression-5.0.5.BUILD-SNAPSHOT.jar;C:\Java\Dependencies\Repo\org\springframework\data\spring-data-rest-webmvc\3.0.5.RELEASE\spring-data-rest-webmvc-3.0.5.RELEASE.jar;C:\Java\Dependencies\Repo\org\springframework\data\spring-data-rest-core\3.0.5.RELEASE\spring-data-rest-core-3.0.5.RELEASE.jar;C:\Java\Dependencies\Repo\org\springframework\hateoas\spring-hateoas\0.24.0.RELEASE\spring-hateoas-0.24.0.RELEASE.jar;C:\Java\Dependencies\Repo\org\springframework\data\spring-data-commons\2.0.5.RELEASE\spring-data-commons-2.0.5.RELEASE.jar;C:\Java\Dependencies\Repo\org\springframework\plugin\spring-plugin-core\1.2.0.RELEASE\spring-plugin-core-1.2.0.RELEASE.jar;C:\Java\Dependencies\Repo\org\atteo\evo-inflector\1.2.2\evo-inflector-1.2.2.jar;C:\Java\Dependencies\Repo\com\fasterxml\jackson\core\jackson-annotations\2.9.0\jackson-annotations-2.9.0.jar;C:\Java\Dependencies\Repo\org\slf4j\slf4j-api\1.7.25\slf4j-api-1.7.25.jar;C:\Java\Dependencies\Repo\org\springframework\boot\spring-boot-starter-integration\2.0.1.BUILD-SNAPSHOT\spring-boot-starter-integration-2.0.1.BUILD-SNAPSHOT.jar;C:\Java\Dependencies\Repo\org\springframework\boot\spring-boot-starter-aop\2.0.1.BUILD-SNAPSHOT\spring-boot-starter-aop-2.0.1.BUILD-SNAPSHOT.jar;C:\Java\Dependencies\Repo\org\springframework\spring-aop\5.0.5.BUILD-SNAPSHOT\spring-aop-5.0.5.BUILD-SNAPSHOT.jar;C:\Java\Dependencies\Repo\org\aspectj\aspectjweaver\1.8.13\aspectjweaver-1.8.13.jar;C:\Java\Dependencies\Repo\org\springframework\integration\spring-integration-core\5.0.3.RELEASE\spring-integration-core-5.0.3.RELEASE.jar;C:\Java\Dependencies\Repo\org\springframework\spring-context\5.0.5.BUILD-SNAPSHOT\spring-context-5.0.5.BUILD-SNAPSHOT.jar;C:\Java\Dependencies\Repo\org\springframework\spring-messaging\5.0.5.BUILD-SNAPSHOT\spring-messaging-5.0.5.BUILD-SNAPSHOT.jar;C:\Java\Dependencies\Repo\org\springframework\retry\spring-retry\1.2.2.RELEASE\spring-retry-1.2.2.RELEASE.jar;C:\Java\Dependencies\Repo\io\projectreactor\reactor-core\3.1.5.RELEASE\reactor-core-3.1.5.RELEASE.jar;C:\Java\Dependencies\Repo\org\reactivestreams\reactive-streams\1.0.2\reactive-streams-1.0.2.jar;C:\Java\Dependencies\Repo\io\micrometer\micrometer-core\1.0.1\micrometer-core-1.0.1.jar;C:\Java\Dependencies\Repo\org\hdrhistogram\HdrHistogram\2.1.10\HdrHistogram-2.1.10.jar;C:\Java\Dependencies\Repo\org\latencyutils\LatencyUtils\2.0.3\LatencyUtils-2.0.3.jar;C:\Java\Dependencies\Repo\org\springframework\boot\spring-boot-starter-test\2.0.1.BUILD-SNAPSHOT\spring-boot-starter-test-2.0.1.BUILD-SNAPSHOT.jar;C:\Java\Dependencies\Repo\org\springframework\boot\spring-boot-test\2.0.1.BUILD-SNAPSHOT\spring-boot-test-2.0.1.BUILD-SNAPSHOT.jar;C:\Java\Dependencies\Repo\org\springframework\boot\spring-boot-test-autoconfigure\2.0.1.BUILD-SNAPSHOT\spring-boot-test-autoconfigure-2.0.1.BUILD-SNAPSHOT.jar;C:\Java\Dependencies\Repo\com\jayway\jsonpath\json-path\2.4.0\json-path-2.4.0.jar;C:\Java\Dependencies\Repo\net\minidev\json-smart\2.3\json-smart-2.3.jar;C:\Java\Dependencies\Repo\net\minidev\accessors-smart\1.2\accessors-smart-1.2.jar;C:\Java\Dependencies\Repo\org\ow2\asm\asm\5.0.4\asm-5.0.4.jar;C:\Java\Dependencies\Repo\junit\junit\4.12\junit-4.12.jar;C:\Java\Dependencies\Repo\org\assertj\assertj-core\3.9.1\assertj-core-3.9.1.jar;C:\Java\Dependencies\Repo\org\mockito\mockito-core\2.15.0\mockito-core-2.15.0.jar;C:\Java\Dependencies\Repo\net\bytebuddy\byte-buddy\1.7.10\byte-buddy-1.7.10.jar;C:\Java\Dependencies\Repo\net\bytebuddy\byte-buddy-agent\1.7.10\byte-buddy-agent-1.7.10.jar;C:\Java\Dependencies\Repo\org\objenesis\objenesis\2.6\objenesis-2.6.jar;C:\Java\Dependencies\Repo\org\hamcrest\hamcrest-core\1.3\hamcrest-core-1.3.jar;C:\Java\Dependencies\Repo\org\hamcrest\hamcrest-library\1.3\hamcrest-library-1.3.jar;C:\Java\Dependencies\Repo\org\skyscreamer\jsonassert\1.5.0\jsonassert-1.5.0.jar;C:\Java\Dependencies\Repo\com\vaadin\external\google\android-json\0.0.20131108.vaadin1\android-json-0.0.20131108.vaadin1.jar;C:\Java\Dependencies\Repo\org\springframework\spring-core\5.0.5.BUILD-SNAPSHOT\spring-core-5.0.5.BUILD-SNAPSHOT.jar;C:\Java\Dependencies\Repo\org\springframework\spring-jcl\5.0.5.BUILD-SNAPSHOT\spring-jcl-5.0.5.BUILD-SNAPSHOT.jar;C:\Java\Dependencies\Repo\org\springframework\spring-test\5.0.5.BUILD-SNAPSHOT\spring-test-5.0.5.BUILD-SNAPSHOT.jar;C:\Java\Dependencies\Repo\org\xmlunit\xmlunit-core\2.5.1\xmlunit-core-2.5.1.jar;C:\Java\Dependencies\Repo\org\apache\httpcomponents\httpcore\4.4.9\httpcore-4.4.9.jar;C:\Java\Dependencies\Repo\org\apache\httpcomponents\httpmime\4.5.5\httpmime-4.5.5.jar;C:\Java\Dependencies\Repo\mysql\mysql-connector-java\8.0.9-rc\mysql-connector-java-8.0.9-rc.jar;C:\Java\Dependencies\Repo\org\springframework\spring-jdbc\5.0.4.RELEASE\spring-jdbc-5.0.4.RELEASE.jar;C:\Java\Dependencies\Repo\org\springframework\spring-beans\5.0.5.BUILD-SNAPSHOT\spring-beans-5.0.5.BUILD-SNAPSHOT.jar;C:\Java\Dependencies\Repo\org\springframework\spring-tx\5.0.5.BUILD-SNAPSHOT\spring-tx-5.0.5.BUILD-SNAPSHOT.jar;C:\Java\Dependencies\Repo\org\apache\httpcomponents\httpclient\4.5.5\httpclient-4.5.5.jar;C:\Java\Dependencies\Repo\commons-codec\commons-codec\1.11\commons-codec-1.11.jar;C:\Java\Dependencies\Repo\org\springframework\spring-orm\5.0.5.BUILD-SNAPSHOT\spring-orm-5.0.5.BUILD-SNAPSHOT.jar;C:\Java\Dependencies\Repo\org\hibernate\hibernate-core\5.2.13.Final\hibernate-core-5.2.13.Final.jar;C:\Java\Dependencies\Repo\org\jboss\logging\jboss-logging\3.3.2.Final\jboss-logging-3.3.2.Final.jar;C:\Java\Dependencies\Repo\org\hibernate\javax\persistence\hibernate-jpa-2.1-api\1.0.0.Final\hibernate-jpa-2.1-api-1.0.0.Final.jar;C:\Java\Dependencies\Repo\org\javassist\javassist\3.22.0-GA\javassist-3.22.0-GA.jar;C:\Java\Dependencies\Repo\antlr\antlr\2.7.7\antlr-2.7.7.jar;C:\Java\Dependencies\Repo\org\jboss\spec\javax\transaction\jboss-transaction-api_1.2_spec\1.0.1.Final\jboss-transaction-api_1.2_spec-1.0.1.Final.jar;C:\Java\Dependencies\Repo\org\jboss\jandex\2.0.3.Final\jandex-2.0.3.Final.jar;C:\Java\Dependencies\Repo\com\fasterxml\classmate\1.3.4\classmate-1.3.4.jar;C:\Java\Dependencies\Repo\dom4j\dom4j\1.6.1\dom4j-1.6.1.jar;C:\Java\Dependencies\Repo\org\hibernate\common\hibernate-commons-annotations\5.0.1.Final\hibernate-commons-annotations-5.0.1.Final.jar;C:\Java\Dependencies\Repo\org\hibernate\validator\hibernate-validator\6.0.7.Final\hibernate-validator-6.0.7.Final.jar;C:\Java\Dependencies\Repo\javax\validation\validation-api\2.0.1.Final\validation-api-2.0.1.Final.jar;C:\Java\Dependencies\Repo\org\springframework\integration\spring-integration-stream\5.0.3.RELEASE\spring-integration-stream-5.0.3.RELEASE.jar;C:\Java\Dependencies\Repo\org\springframework\integration\spring-integration-jdbc\5.0.3.RELEASE\spring-integration-jdbc-5.0.3.RELEASE.jar;C:\Java\Dependencies\Repo\org\springframework\boot\spring-boot-starter\2.0.1.BUILD-SNAPSHOT\spring-boot-starter-2.0.1.BUILD-SNAPSHOT.jar;C:\Java\Dependencies\Repo\org\springframework\boot\spring-boot\2.0.1.BUILD-SNAPSHOT\spring-boot-2.0.1.BUILD-SNAPSHOT.jar;C:\Java\Dependencies\Repo\org\springframework\boot\spring-boot-autoconfigure\2.0.1.BUILD-SNAPSHOT\spring-boot-autoconfigure-2.0.1.BUILD-SNAPSHOT.jar;C:\Java\Dependencies\Repo\javax\annotation\javax.annotation-api\1.3.2\javax.annotation-api-1.3.2.jar;C:\Java\Dependencies\Repo\org\yaml\snakeyaml\1.19\snakeyaml-1.19.jar;C:\Java\Dependencies\Repo\org\springframework\boot\spring-boot-starter-log4j\1.3.8.RELEASE\spring-boot-starter-log4j-1.3.8.RELEASE.jar;C:\Java\Dependencies\Repo\org\slf4j\jcl-over-slf4j\1.7.25\jcl-over-slf4j-1.7.25.jar;C:\Java\Dependencies\Repo\org\slf4j\jul-to-slf4j\1.7.25\jul-to-slf4j-1.7.25.jar;C:\Java\Dependencies\Repo\org\slf4j\slf4j-log4j12\1.7.25\slf4j-log4j12-1.7.25.jar;C:\Java\Dependencies\Repo\log4j\log4j\1.2.17\log4j-1.2.17.jar;"/>
    <property name="sun.cpu.endian" value="little"/>
    <property name="user.home" value="C:\Users\MyPC"/>
    <property name="user.language" value="en"/>
    <property name="java.specification.vendor" value="Oracle Corporation"/>
    <property name="java.home" value="C:\Program Files\Java\jdk1.8.0_131\jre"/>
    <property name="basedir" value="F:\GIT_LEUDUCANH\StudyPath\hanoi-integration"/>
    <property name="file.separator" value="\"/>
    <property name="line.separator" value="&#10;"/>
    <property name="java.vm.specification.vendor" value="Oracle Corporation"/>
    <property name="java.specification.name" value="Java Platform API Specification"/>
    <property name="java.awt.graphicsenv" value="sun.awt.Win32GraphicsEnvironment"/>
    <property name="surefire.real.class.path" value="C:\Users\MyPC\AppData\Local\Temp\surefire609138343150876954\surefirebooter6899539940993848759.jar"/>
    <property name="sun.boot.class.path" value="C:\Program Files\Java\jdk1.8.0_131\jre\lib\resources.jar;C:\Program Files\Java\jdk1.8.0_131\jre\lib\rt.jar;C:\Program Files\Java\jdk1.8.0_131\jre\lib\sunrsasign.jar;C:\Program Files\Java\jdk1.8.0_131\jre\lib\jsse.jar;C:\Program Files\Java\jdk1.8.0_131\jre\lib\jce.jar;C:\Program Files\Java\jdk1.8.0_131\jre\lib\charsets.jar;C:\Program Files\Java\jdk1.8.0_131\jre\lib\jfr.jar;C:\Program Files\Java\jdk1.8.0_131\jre\classes"/>
    <property name="user.script" value=""/>
    <property name="sun.management.compiler" value="HotSpot 64-Bit Tiered Compilers"/>
    <property name="java.runtime.version" value="1.8.0_131-b11"/>
    <property name="user.name" value="MyPC"/>
    <property name="path.separator" value=";"/>
    <property name="os.version" value="10.0"/>
    <property name="java.endorsed.dirs" value="C:\Program Files\Java\jdk1.8.0_131\jre\lib\endorsed"/>
    <property name="java.runtime.name" value="Java(TM) SE Runtime Environment"/>
    <property name="file.encoding" value="Cp1258"/>
    <property name="java.vm.name" value="Java HotSpot(TM) 64-Bit Server VM"/>
    <property name="localRepository" value="C:\Java\Dependencies\Repo"/>
    <property name="java.vendor.url.bug" value="http://bugreport.sun.com/bugreport/"/>
    <property name="java.io.tmpdir" value="C:\Users\MyPC\AppData\Local\Temp\"/>
    <property name="java.version" value="1.8.0_131"/>
    <property name="user.dir" value="F:\GIT_LEUDUCANH\StudyPath\hanoi-integration"/>
    <property name="os.arch" value="amd64"/>
    <property name="java.vm.specification.name" value="Java Virtual Machine Specification"/>
    <property name="java.awt.printerjob" value="sun.awt.windows.WPrinterJob"/>
    <property name="user.language.format" value="vi"/>
    <property name="sun.os.patch.level" value=""/>
    <property name="java.library.path" value="C:\Program Files\Java\jdk1.8.0_131\jre\bin;C:\WINDOWS\Sun\Java\bin;C:\WINDOWS\system32;C:\WINDOWS;C:\Program Files\Microsoft MPI\Bin\;C:\Program Files\Java\jdk1.8.0_131\bin;C:\Program Files (x86)\NVIDIA Corporation\PhysX\Common;C:\ProgramData\Oracle\Java\javapath;C:\Program Files (x86)\Intel\iCLS Client\;C:\Program Files\Intel\iCLS Client\;C:\WINDOWS\system32;C:\WINDOWS;C:\WINDOWS\System32\Wbem;C:\WINDOWS\System32\WindowsPowerShell\v1.0\;C:\Program Files (x86)\Intel\Intel(R) Management Engine Components\DAL;C:\Program Files\Intel\Intel(R) Management Engine Components\DAL;C:\Program Files (x86)\Intel\Intel(R) Management Engine Components\IPT;C:\Program Files\Intel\Intel(R) Management Engine Components\IPT;C:\Program Files\MySQL\MySQL Utilities 1.6\;C:\Users\MyPC\AppData\Local\Programs\Python\Python36;C:\Users\MyPC\AppData\Local\Programs\Python\Python36\Scripts;C:\Program Files\Sublime Text 3;C:\Users\MyPC\AppData\Roaming\Sublime Text 3\Packages\SublimeLinter;C:\Program Files\Java\jdk1.8.0_131\bin;C:\Program Files (x86)\GtkSharp\2.12\bin;C:\Program Files\Intel\WiFi\bin\;C:\Program Files\Common Files\Intel\WirelessCommon\;C:\Program Files (x86)\VTEC Anti-Porn Utilities;C:\Java\apache-maven-3.5.2\bin;C:\Program Files\nodejs\;C:\Users\MyPC\AppData\Local\Microsoft\WindowsApps;C:\Program Files\Java\jdk1.8.0_131\bin;C:\Program Files\Intel\WiFi\bin\;C:\Program Files\Common Files\Intel\WirelessCommon\;C:\Users\MyPC\AppData\Roaming\npm;C:\Program Files\Microsoft VS Code\bin;."/>
    <property name="java.vm.info" value="mixed mode"/>
    <property name="java.vendor" value="Oracle Corporation"/>
    <property name="java.vm.version" value="25.131-b11"/>
    <property name="java.ext.dirs" value="C:\Program Files\Java\jdk1.8.0_131\jre\lib\ext;C:\WINDOWS\Sun\Java\lib\ext"/>
    <property name="sun.io.unicode.encoding" value="UnicodeLittle"/>
    <property name="java.class.version" value="52.0"/>
  </properties>
  <testcase name="contextLoads" classname="edu.hanoi.message.hanoiintegration.HanoiIntegrationApplicationTests" time="0.337"/>
</testsuite>